# JRE version: OpenJDK Runtime Environment Temurin-17.0.5+8 (17.0.5+8) (build 17.0.5+8)
# Java VM: OpenJDK 64-Bit Server VM Temurin-17.0.5+8 (17.0.5+8, mixed mode, tiered, compressed oops, compressed class ptrs, parallel gc, windows-amd64)
GC Precious Log:
 CPUs: 4 total, 4 available
 Memory: 7959M
 Large Page Support: Disabled
 NUMA Support: Disabled
 Compressed Oops: Enabled (32-bit)
 Alignments: Space 512K, Generation 512K, Heap 2M
 Heap Min Capacity: 100M
 Heap Initial Capacity: 100M
 Heap Max Capacity: 1G
 Pre-touch: Disabled
 Parallel Workers: 4
Heap:
 PSYoungGen      total 2048K, used 658K [0x00000000eab00000, 0x00000000eae00000, 0x0000000100000000)
  eden space 512K, 47% used [0x00000000eab00000,0x00000000eab3c938,0x00000000eab80000)
  from space 1536K, 27% used [0x00000000eab80000,0x00000000eabe8000,0x00000000ead00000)
  to   space 1024K, 0% used [0x00000000ead00000,0x00000000ead00000,0x00000000eae00000)
 ParOldGen       total 103424K, used 89042K [0x00000000c0000000, 0x00000000c6500000, 0x00000000eab00000)
  object space 103424K, 86% used [0x00000000c0000000,0x00000000c56f4838,0x00000000c6500000)
 Metaspace       used 63409K, committed 64320K, reserved 1114112K
  class space    used 6277K, committed 6656K, reserved 1048576K
GC Heap History (20 events):
Event: 192.434 GC heap before
{Heap before GC invocations=624 (full 8):
 PSYoungGen      total 3072K, used 2816K [0x00000000eab00000, 0x00000000eaf00000, 0x0000000100000000)
  eden space 2560K, 100% used [0x00000000eab00000,0x00000000ead80000,0x00000000ead80000)
  from space 512K, 50% used [0x00000000eae00000,0x00000000eae40000,0x00000000eae80000)
  to   space 512K, 0% used [0x00000000eae80000,0x00000000eae80000,0x00000000eaf00000)
 ParOldGen       total 103424K, used 85216K [0x00000000c0000000, 0x00000000c6500000, 0x00000000eab00000)
  object space 103424K, 82% used [0x00000000c0000000,0x00000000c53381a8,0x00000000c6500000)
 Metaspace       used 63390K, committed 64320K, reserved 1114112K
  class space    used 6276K, committed 6656K, reserved 1048576K
}
Event: 192.435 GC heap after
{Heap after GC invocations=624 (full 8):
 PSYoungGen      total 3072K, used 224K [0x00000000eab00000, 0x00000000eaf00000, 0x0000000100000000)
  eden space 2560K, 0% used [0x00000000eab00000,0x00000000eab00000,0x00000000ead80000)
  from space 512K, 43% used [0x00000000eae80000,0x00000000eaeb8000,0x00000000eaf00000)
  to   space 512K, 0% used [0x00000000eae00000,0x00000000eae00000,0x00000000eae80000)
 ParOldGen       total 103424K, used 85240K [0x00000000c0000000, 0x00000000c6500000, 0x00000000eab00000)
  object space 103424K, 82% used [0x00000000c0000000,0x00000000c533e1a8,0x00000000c6500000)
 Metaspace       used 63390K, committed 64320K, reserved 1114112K
  class space    used 6276K, committed 6656K, reserved 1048576K
}
Event: 192.496 GC heap before
{Heap before GC invocations=625 (full 8):
 PSYoungGen      total 3072K, used 2784K [0x00000000eab00000, 0x00000000eaf00000, 0x0000000100000000)
  eden space 2560K, 100% used [0x00000000eab00000,0x00000000ead80000,0x00000000ead80000)
  from space 512K, 43% used [0x00000000eae80000,0x00000000eaeb8000,0x00000000eaf00000)
  to   space 512K, 0% used [0x00000000eae00000,0x00000000eae00000,0x00000000eae80000)
 ParOldGen       total 103424K, used 85240K [0x00000000c0000000, 0x00000000c6500000, 0x00000000eab00000)
  object space 103424K, 82% used [0x00000000c0000000,0x00000000c533e1a8,0x00000000c6500000)
 Metaspace       used 63390K, committed 64320K, reserved 1114112K
  class space    used 6276K, committed 6656K, reserved 1048576K
}
Event: 192.496 GC heap after
{Heap after GC invocations=625 (full 8):
 PSYoungGen      total 3072K, used 224K [0x00000000eab00000, 0x00000000eaf00000, 0x0000000100000000)
  eden space 2560K, 0% used [0x00000000eab00000,0x00000000eab00000,0x00000000ead80000)
  from space 512K, 43% used [0x00000000eae00000,0x00000000eae38000,0x00000000eae80000)
  to   space 512K, 0% used [0x00000000eae80000,0x00000000eae80000,0x00000000eaf00000)
 ParOldGen       total 103424K, used 85256K [0x00000000c0000000, 0x00000000c6500000, 0x00000000eab00000)
  object space 103424K, 82% used [0x00000000c0000000,0x00000000c53421a8,0x00000000c6500000)
 Metaspace       used 63390K, committed 64320K, reserved 1114112K
  class space    used 6276K, committed 6656K, reserved 1048576K
}
Event: 192.540 GC heap before
{Heap before GC invocations=626 (full 8):
 PSYoungGen      total 3072K, used 2784K [0x00000000eab00000, 0x00000000eaf00000, 0x0000000100000000)
  eden space 2560K, 100% used [0x00000000eab00000,0x00000000ead80000,0x00000000ead80000)
  from space 512K, 43% used [0x00000000eae00000,0x00000000eae38000,0x00000000eae80000)
  to   space 512K, 0% used [0x00000000eae80000,0x00000000eae80000,0x00000000eaf00000)
 ParOldGen       total 103424K, used 85256K [0x00000000c0000000, 0x00000000c6500000, 0x00000000eab00000)
  object space 103424K, 82% used [0x00000000c0000000,0x00000000c53421a8,0x00000000c6500000)
 Metaspace       used 63390K, committed 64320K, reserved 1114112K
  class space    used 6276K, committed 6656K, reserved 1048576K
}
Event: 192.541 GC heap after
{Heap after GC invocations=626 (full 8):
 PSYoungGen      total 3072K, used 256K [0x00000000eab00000, 0x00000000eaf00000, 0x0000000100000000)
  eden space 2560K, 0% used [0x00000000eab00000,0x00000000eab00000,0x00000000ead80000)
  from space 512K, 50% used [0x00000000eae80000,0x00000000eaec0000,0x00000000eaf00000)
  to   space 512K, 0% used [0x00000000eae00000,0x00000000eae00000,0x00000000eae80000)
 ParOldGen       total 103424K, used 85272K [0x00000000c0000000, 0x00000000c6500000, 0x00000000eab00000)
  object space 103424K, 82% used [0x00000000c0000000,0x00000000c53461a8,0x00000000c6500000)
 Metaspace       used 63390K, committed 64320K, reserved 1114112K
  class space    used 6276K, committed 6656K, reserved 1048576K
}
Event: 192.580 GC heap before
{Heap before GC invocations=627 (full 8):
 PSYoungGen      total 3072K, used 2816K [0x00000000eab00000, 0x00000000eaf00000, 0x0000000100000000)
  eden space 2560K, 100% used [0x00000000eab00000,0x00000000ead80000,0x00000000ead80000)
  from space 512K, 50% used [0x00000000eae80000,0x00000000eaec0000,0x00000000eaf00000)
  to   space 512K, 0% used [0x00000000eae00000,0x00000000eae00000,0x00000000eae80000)
 ParOldGen       total 103424K, used 85272K [0x00000000c0000000, 0x00000000c6500000, 0x00000000eab00000)
  object space 103424K, 82% used [0x00000000c0000000,0x00000000c53461a8,0x00000000c6500000)
 Metaspace       used 63390K, committed 64320K, reserved 1114112K
  class space    used 6276K, committed 6656K, reserved 1048576K
}
Event: 192.581 GC heap after
{Heap after GC invocations=627 (full 8):
 PSYoungGen      total 3072K, used 256K [0x00000000eab00000, 0x00000000eaf00000, 0x0000000100000000)
  eden space 2560K, 0% used [0x00000000eab00000,0x00000000eab00000,0x00000000ead80000)
  from space 512K, 50% used [0x00000000eae00000,0x00000000eae40000,0x00000000eae80000)
  to   space 512K, 0% used [0x00000000eae80000,0x00000000eae80000,0x00000000eaf00000)
 ParOldGen       total 103424K, used 85288K [0x00000000c0000000, 0x00000000c6500000, 0x00000000eab00000)
  object space 103424K, 82% used [0x00000000c0000000,0x00000000c534a1a8,0x00000000c6500000)
 Metaspace       used 63390K, committed 64320K, reserved 1114112K
  class space    used 6276K, committed 6656K, reserved 1048576K
}
Event: 192.603 GC heap before
{Heap before GC invocations=628 (full 8):
 PSYoungGen      total 3072K, used 2816K [0x00000000eab00000, 0x00000000eaf00000, 0x0000000100000000)
  eden space 2560K, 100% used [0x00000000eab00000,0x00000000ead80000,0x00000000ead80000)
  from space 512K, 50% used [0x00000000eae00000,0x00000000eae40000,0x00000000eae80000)
  to   space 512K, 0% used [0x00000000eae80000,0x00000000eae80000,0x00000000eaf00000)
 ParOldGen       total 103424K, used 85288K [0x00000000c0000000, 0x00000000c6500000, 0x00000000eab00000)
  object space 103424K, 82% used [0x00000000c0000000,0x00000000c534a1a8,0x00000000c6500000)
 Metaspace       used 63407K, committed 64320K, reserved 1114112K
  class space    used 6277K, committed 6656K, reserved 1048576K
}
Event: 192.604 GC heap after
{Heap after GC invocations=628 (full 8):
 PSYoungGen      total 3072K, used 288K [0x00000000eab00000, 0x00000000eaf00000, 0x0000000100000000)
  eden space 2560K, 0% used [0x00000000eab00000,0x00000000eab00000,0x00000000ead80000)
  from space 512K, 56% used [0x00000000eae80000,0x00000000eaec8000,0x00000000eaf00000)
  to   space 512K, 0% used [0x00000000eae00000,0x00000000eae00000,0x00000000eae80000)
 ParOldGen       total 103424K, used 85296K [0x00000000c0000000, 0x00000000c6500000, 0x00000000eab00000)
  object space 103424K, 82% used [0x00000000c0000000,0x00000000c534c1a8,0x00000000c6500000)
 Metaspace       used 63407K, committed 64320K, reserved 1114112K
  class space    used 6277K, committed 6656K, reserved 1048576K
}
Event: 192.669 GC heap before
{Heap before GC invocations=629 (full 8):
 PSYoungGen      total 3072K, used 2848K [0x00000000eab00000, 0x00000000eaf00000, 0x0000000100000000)
  eden space 2560K, 100% used [0x00000000eab00000,0x00000000ead80000,0x00000000ead80000)
  from space 512K, 56% used [0x00000000eae80000,0x00000000eaec8000,0x00000000eaf00000)
  to   space 512K, 0% used [0x00000000eae00000,0x00000000eae00000,0x00000000eae80000)
 ParOldGen       total 103424K, used 85296K [0x00000000c0000000, 0x00000000c6500000, 0x00000000eab00000)
  object space 103424K, 82% used [0x00000000c0000000,0x00000000c534c1a8,0x00000000c6500000)
 Metaspace       used 63408K, committed 64320K, reserved 1114112K
  class space    used 6277K, committed 6656K, reserved 1048576K
}
Event: 192.670 GC heap after
{Heap after GC invocations=629 (full 8):
 PSYoungGen      total 3072K, used 288K [0x00000000eab00000, 0x00000000eaf00000, 0x0000000100000000)
  eden space 2560K, 0% used [0x00000000eab00000,0x00000000eab00000,0x00000000ead80000)
  from space 512K, 56% used [0x00000000eae00000,0x00000000eae48000,0x00000000eae80000)
  to   space 512K, 0% used [0x00000000eae80000,0x00000000eae80000,0x00000000eaf00000)
 ParOldGen       total 103424K, used 85312K [0x00000000c0000000, 0x00000000c6500000, 0x00000000eab00000)
  object space 103424K, 82% used [0x00000000c0000000,0x00000000c53501a8,0x00000000c6500000)
 Metaspace       used 63408K, committed 64320K, reserved 1114112K
  class space    used 6277K, committed 6656K, reserved 1048576K
}
Event: 192.718 GC heap before
{Heap before GC invocations=630 (full 8):
 PSYoungGen      total 3072K, used 2848K [0x00000000eab00000, 0x00000000eaf00000, 0x0000000100000000)
  eden space 2560K, 100% used [0x00000000eab00000,0x00000000ead80000,0x00000000ead80000)
  from space 512K, 56% used [0x00000000eae00000,0x00000000eae48000,0x00000000eae80000)
  to   space 512K, 0% used [0x00000000eae80000,0x00000000eae80000,0x00000000eaf00000)
 ParOldGen       total 103424K, used 85312K [0x00000000c0000000, 0x00000000c6500000, 0x00000000eab00000)
  object space 103424K, 82% used [0x00000000c0000000,0x00000000c53501a8,0x00000000c6500000)
 Metaspace       used 63408K, committed 64320K, reserved 1114112K
  class space    used 6277K, committed 6656K, reserved 1048576K
}
Event: 192.719 GC heap after
{Heap after GC invocations=630 (full 8):
 PSYoungGen      total 3072K, used 224K [0x00000000eab00000, 0x00000000eaf00000, 0x0000000100000000)
  eden space 2560K, 0% used [0x00000000eab00000,0x00000000eab00000,0x00000000ead80000)
  from space 512K, 43% used [0x00000000eae80000,0x00000000eaeb8000,0x00000000eaf00000)
  to   space 512K, 0% used [0x00000000eae00000,0x00000000eae00000,0x00000000eae80000)
 ParOldGen       total 103424K, used 85320K [0x00000000c0000000, 0x00000000c6500000, 0x00000000eab00000)
  object space 103424K, 82% used [0x00000000c0000000,0x00000000c53521a8,0x00000000c6500000)
 Metaspace       used 63408K, committed 64320K, reserved 1114112K
  class space    used 6277K, committed 6656K, reserved 1048576K
}
Event: 192.768 GC heap before
{Heap before GC invocations=631 (full 8):
 PSYoungGen      total 3072K, used 2784K [0x00000000eab00000, 0x00000000eaf00000, 0x0000000100000000)
  eden space 2560K, 100% used [0x00000000eab00000,0x00000000ead80000,0x00000000ead80000)
  from space 512K, 43% used [0x00000000eae80000,0x00000000eaeb8000,0x00000000eaf00000)
  to   space 512K, 0% used [0x00000000eae00000,0x00000000eae00000,0x00000000eae80000)
 ParOldGen       total 103424K, used 85320K [0x00000000c0000000, 0x00000000c6500000, 0x00000000eab00000)
  object space 103424K, 82% used [0x00000000c0000000,0x00000000c53521a8,0x00000000c6500000)
 Metaspace       used 63409K, committed 64320K, reserved 1114112K
  class space    used 6277K, committed 6656K, reserved 1048576K
}
Event: 192.769 GC heap after
{Heap after GC invocations=631 (full 8):
 PSYoungGen      total 3072K, used 485K [0x00000000eab00000, 0x00000000eaf80000, 0x0000000100000000)
  eden space 2560K, 0% used [0x00000000eab00000,0x00000000eab00000,0x00000000ead80000)
  from space 512K, 94% used [0x00000000eae00000,0x00000000eae79778,0x00000000eae80000)
  to   space 1024K, 0% used [0x00000000eae80000,0x00000000eae80000,0x00000000eaf80000)
 ParOldGen       total 103424K, used 85726K [0x00000000c0000000, 0x00000000c6500000, 0x00000000eab00000)
  object space 103424K, 82% used [0x00000000c0000000,0x00000000c53b7920,0x00000000c6500000)
 Metaspace       used 63409K, committed 64320K, reserved 1114112K
  class space    used 6277K, committed 6656K, reserved 1048576K
}
Event: 192.790 GC heap before
{Heap before GC invocations=632 (full 8):
 PSYoungGen      total 3072K, used 3045K [0x00000000eab00000, 0x00000000eaf80000, 0x0000000100000000)
  eden space 2560K, 100% used [0x00000000eab00000,0x00000000ead80000,0x00000000ead80000)
  from space 512K, 94% used [0x00000000eae00000,0x00000000eae79778,0x00000000eae80000)
  to   space 1024K, 0% used [0x00000000eae80000,0x00000000eae80000,0x00000000eaf80000)
 ParOldGen       total 103424K, used 85726K [0x00000000c0000000, 0x00000000c6500000, 0x00000000eab00000)
  object space 103424K, 82% used [0x00000000c0000000,0x00000000c53b7920,0x00000000c6500000)
 Metaspace       used 63409K, committed 64320K, reserved 1114112K
  class space    used 6277K, committed 6656K, reserved 1048576K
}
Event: 192.792 GC heap after
{Heap after GC invocations=632 (full 8):
 PSYoungGen      total 2048K, used 997K [0x00000000eab00000, 0x00000000eb280000, 0x0000000100000000)
  eden space 1024K, 0% used [0x00000000eab00000,0x00000000eab00000,0x00000000eac00000)
  from space 1024K, 97% used [0x00000000eae80000,0x00000000eaf79778,0x00000000eaf80000)
  to   space 2560K, 0% used [0x00000000eac00000,0x00000000eac00000,0x00000000eae80000)
 ParOldGen       total 103424K, used 86814K [0x00000000c0000000, 0x00000000c6500000, 0x00000000eab00000)
  object space 103424K, 83% used [0x00000000c0000000,0x00000000c54c7920,0x00000000c6500000)
 Metaspace       used 63409K, committed 64320K, reserved 1114112K
  class space    used 6277K, committed 6656K, reserved 1048576K
}
Event: 192.812 GC heap before
{Heap before GC invocations=633 (full 8):
 PSYoungGen      total 2048K, used 2021K [0x00000000eab00000, 0x00000000eb280000, 0x0000000100000000)
  eden space 1024K, 100% used [0x00000000eab00000,0x00000000eac00000,0x00000000eac00000)
  from space 1024K, 97% used [0x00000000eae80000,0x00000000eaf79778,0x00000000eaf80000)
  to   space 2560K, 0% used [0x00000000eac00000,0x00000000eac00000,0x00000000eae80000)
 ParOldGen       total 103424K, used 86814K [0x00000000c0000000, 0x00000000c6500000, 0x00000000eab00000)
  object space 103424K, 83% used [0x00000000c0000000,0x00000000c54c7920,0x00000000c6500000)
 Metaspace       used 63409K, committed 64320K, reserved 1114112K
  class space    used 6277K, committed 6656K, reserved 1048576K
}
Event: 192.814 GC heap after
{Heap after GC invocations=633 (full 8):
 PSYoungGen      total 2560K, used 1061K [0x00000000eab00000, 0x00000000eaf00000, 0x0000000100000000)
  eden space 1024K, 0% used [0x00000000eab00000,0x00000000eab00000,0x00000000eac00000)
  from space 1536K, 69% used [0x00000000eac00000,0x00000000ead09778,0x00000000ead80000)
  to   space 1536K, 0% used [0x00000000ead80000,0x00000000ead80000,0x00000000eaf00000)
 ParOldGen       total 103424K, used 86822K [0x00000000c0000000, 0x00000000c6500000, 0x00000000eab00000)
  object space 103424K, 83% used [0x00000000c0000000,0x00000000c54c9920,0x00000000c6500000)
 Metaspace       used 63409K, committed 64320K, reserved 1114112K
  class space    used 6277K, committed 6656K, reserved 1048576K
}

